<?xml version="1.0" encoding="UTF-8"?>
<testsuite xmlns:xsi="http://www.w3.org/2001/XMLSchema-instance" xsi:noNamespaceSchemaLocation="https://maven.apache.org/surefire/maven-surefire-plugin/xsd/surefire-test-report.xsd" name="TestSuite" time="28.97" tests="2" errors="0" skipped="0" failures="0">
  <properties>
[...]
</properties>
  <testcase name="chromeDownloads" classname="com.SeleniumCodes.ShadowDOMEx" time="1.068"/>
  <testcase name="pointsVilleLogin" classname="com.SeleniumCodes.ShadowDOMEx" time="10.339"/>
</testsuite>