<?xml version="1.0" encoding="UTF-8"?>
<testng-results ignored="0" total="2" passed="2" failed="0" skipped="0">
  <reporter-output>
  </reporter-output>
  <suite started-at="2020-12-27T18:34:05 IST" name="Suite file with Cucumber TestNG" finished-at="2020-12-27T18:34:33 IST" duration-ms="27873">
    <groups>
    </groups>
    <test started-at="2020-12-27T18:34:05 IST" name="API_UI_combined BDD test" finished-at="2020-12-27T18:34:33 IST" duration-ms="27873">
      <class name="com.SeleniumCodes.ShadowDOMEx">
        <test-method is-config="true" signature="setUp()[pri:0, instance:com.SeleniumCodes.ShadowDOMEx@1e6454ec]" started-at="2020-12-27T18:34:05 IST" name="setUp" finished-at="2020-12-27T18:34:14 IST" duration-ms="9148" status="PASS">
          <reporter-output>
          </reporter-output>
        </test-method> <!-- setUp -->
        <test-method signature="chromeDownloads()[pri:0, instance:com.SeleniumCodes.ShadowDOMEx@1e6454ec]" started-at="2020-12-27T18:34:14 IST" name="chromeDownloads" finished-at="2020-12-27T18:34:15 IST" duration-ms="800" status="PASS">
          <reporter-output>
          </reporter-output>
        </test-method> <!-- chromeDownloads -->
        <test-method is-config="true" signature="tearDown()[pri:0, instance:com.SeleniumCodes.ShadowDOMEx@1e6454ec]" started-at="2020-12-27T18:34:15 IST" name="tearDown" finished-at="2020-12-27T18:34:15 IST" duration-ms="393" status="PASS">
          <reporter-output>
          </reporter-output>
        </test-method> <!-- tearDown -->
        <test-method is-config="true" signature="setUp()[pri:0, instance:com.SeleniumCodes.ShadowDOMEx@1e6454ec]" started-at="2020-12-27T18:34:15 IST" name="setUp" finished-at="2020-12-27T18:34:22 IST" duration-ms="6782" status="PASS">
          <reporter-output>
          </reporter-output>
        </test-method> <!-- setUp -->
        <test-method signature="pointsVilleLogin()[pri:0, instance:com.SeleniumCodes.ShadowDOMEx@1e6454ec]" started-at="2020-12-27T18:34:22 IST" name="pointsVilleLogin" finished-at="2020-12-27T18:34:32 IST" duration-ms="9863" status="PASS">
          <reporter-output>
          </reporter-output>
        </test-method> <!-- pointsVilleLogin -->
        <test-method is-config="true" signature="tearDown()[pri:0, instance:com.SeleniumCodes.ShadowDOMEx@1e6454ec]" started-at="2020-12-27T18:34:32 IST" name="tearDown" finished-at="2020-12-27T18:34:33 IST" duration-ms="839" status="PASS">
          <reporter-output>
          </reporter-output>
        </test-method> <!-- tearDown -->
      </class> <!-- com.SeleniumCodes.ShadowDOMEx -->
    </test> <!-- API_UI_combined BDD test -->
  </suite> <!-- Suite file with Cucumber TestNG -->
</testng-results>
