<?xml version="1.0" encoding="UTF-8"?>
<testng-results ignored="0" total="7" passed="7" failed="0" skipped="0">
  <reporter-output>
  </reporter-output>
  <suite started-at="2020-12-20T22:31:23 IST" name="Suite file with Cucumber TestNG" finished-at="2020-12-20T22:31:33 IST" duration-ms="9597">
    <groups>
      <group name="cucumber">
        <method signature="AbstractTestNGCucumberTests.runScenario(io.cucumber.testng.PickleWrapper, io.cucumber.testng.FeatureWrapper)[pri:0, instance:com.runnerClass.TestRunner@3059cbc]" name="runScenario" class="io.cucumber.testng.AbstractTestNGCucumberTests"/>
      </group> <!-- cucumber -->
    </groups>
    <test started-at="2020-12-20T22:31:23 IST" name="API_UI_combined BDD test" finished-at="2020-12-20T22:31:33 IST" duration-ms="9597">
      <class name="com.runnerClass.TestRunner">
        <test-method is-config="true" signature="setUpClass()[pri:0, instance:com.runnerClass.TestRunner@3059cbc]" started-at="2020-12-20T22:31:23 IST" name="setUpClass" finished-at="2020-12-20T22:31:25 IST" duration-ms="1446" status="PASS">
          <reporter-output>
          </reporter-output>
        </test-method> <!-- setUpClass -->
        <test-method signature="runScenario(io.cucumber.testng.PickleWrapper, io.cucumber.testng.FeatureWrapper)[pri:0, instance:com.runnerClass.TestRunner@3059cbc]" started-at="2020-12-20T22:31:25 IST" name="runScenario" description="Runs Cucumber Scenarios" data-provider="scenarios" finished-at="2020-12-20T22:31:25 IST" duration-ms="461" status="PASS">
          <params>
            <param index="0">
              <value>
                <![CDATA["Billing amount"]]>
              </value>
            </param>
            <param index="1">
              <value>
                <![CDATA["Optional[Calculate billing amount]"]]>
              </value>
            </param>
          </params>
          <reporter-output>
          </reporter-output>
        </test-method> <!-- runScenario -->
        <test-method signature="runScenario(io.cucumber.testng.PickleWrapper, io.cucumber.testng.FeatureWrapper)[pri:0, instance:com.runnerClass.TestRunner@3059cbc]" started-at="2020-12-20T22:31:25 IST" name="runScenario" description="Runs Cucumber Scenarios" data-provider="scenarios" finished-at="2020-12-20T22:31:25 IST" duration-ms="67" status="PASS">
          <params>
            <param index="0">
              <value>
                <![CDATA["Billing amount"]]>
              </value>
            </param>
            <param index="1">
              <value>
                <![CDATA["Optional[Calculate billing amount]"]]>
              </value>
            </param>
          </params>
          <reporter-output>
          </reporter-output>
        </test-method> <!-- runScenario -->
        <test-method signature="runScenario(io.cucumber.testng.PickleWrapper, io.cucumber.testng.FeatureWrapper)[pri:0, instance:com.runnerClass.TestRunner@3059cbc]" started-at="2020-12-20T22:31:25 IST" name="runScenario" description="Runs Cucumber Scenarios" data-provider="scenarios" finished-at="2020-12-20T22:31:25 IST" duration-ms="104" status="PASS">
          <params>
            <param index="0">
              <value>
                <![CDATA["Billing amount"]]>
              </value>
            </param>
            <param index="1">
              <value>
                <![CDATA["Optional[Calculate billing amount]"]]>
              </value>
            </param>
          </params>
          <reporter-output>
          </reporter-output>
        </test-method> <!-- runScenario -->
        <test-method signature="runScenario(io.cucumber.testng.PickleWrapper, io.cucumber.testng.FeatureWrapper)[pri:0, instance:com.runnerClass.TestRunner@3059cbc]" started-at="2020-12-20T22:31:25 IST" name="runScenario" description="Runs Cucumber Scenarios" data-provider="scenarios" finished-at="2020-12-20T22:31:25 IST" duration-ms="56" status="PASS">
          <params>
            <param index="0">
              <value>
                <![CDATA["user registration with different data"]]>
              </value>
            </param>
            <param index="1">
              <value>
                <![CDATA["Optional[User registration]"]]>
              </value>
            </param>
          </params>
          <reporter-output>
          </reporter-output>
        </test-method> <!-- runScenario -->
        <test-method signature="runScenario(io.cucumber.testng.PickleWrapper, io.cucumber.testng.FeatureWrapper)[pri:0, instance:com.runnerClass.TestRunner@3059cbc]" started-at="2020-12-20T22:31:25 IST" name="runScenario" description="Runs Cucumber Scenarios" data-provider="scenarios" finished-at="2020-12-20T22:31:25 IST" duration-ms="24" status="PASS">
          <params>
            <param index="0">
              <value>
                <![CDATA["user registration with different data with columns"]]>
              </value>
            </param>
            <param index="1">
              <value>
                <![CDATA["Optional[User registration]"]]>
              </value>
            </param>
          </params>
          <reporter-output>
          </reporter-output>
        </test-method> <!-- runScenario -->
        <test-method signature="runScenario(io.cucumber.testng.PickleWrapper, io.cucumber.testng.FeatureWrapper)[pri:0, instance:com.runnerClass.TestRunner@3059cbc]" started-at="2020-12-20T22:31:25 IST" name="runScenario" description="Runs Cucumber Scenarios" data-provider="scenarios" finished-at="2020-12-20T22:31:25 IST" duration-ms="103" status="PASS">
          <params>
            <param index="0">
              <value>
                <![CDATA["Ways to treat loneliness based on my decisions"]]>
              </value>
            </param>
            <param index="1">
              <value>
                <![CDATA["Optional[Self-loneliness]"]]>
              </value>
            </param>
          </params>
          <reporter-output>
          </reporter-output>
        </test-method> <!-- runScenario -->
        <test-method signature="runScenario(io.cucumber.testng.PickleWrapper, io.cucumber.testng.FeatureWrapper)[pri:0, instance:com.runnerClass.TestRunner@3059cbc]" started-at="2020-12-20T22:31:25 IST" name="runScenario" description="Runs Cucumber Scenarios" data-provider="scenarios" finished-at="2020-12-20T22:31:26 IST" duration-ms="17" status="PASS">
          <params>
            <param index="0">
              <value>
                <![CDATA["Ways to treat loneliness based on my decisions"]]>
              </value>
            </param>
            <param index="1">
              <value>
                <![CDATA["Optional[Self-loneliness]"]]>
              </value>
            </param>
          </params>
          <reporter-output>
          </reporter-output>
        </test-method> <!-- runScenario -->
        <test-method is-config="true" signature="tearDownClass()[pri:0, instance:com.runnerClass.TestRunner@3059cbc]" started-at="2020-12-20T22:31:26 IST" name="tearDownClass" finished-at="2020-12-20T22:31:33 IST" duration-ms="7269" status="PASS">
          <reporter-output>
          </reporter-output>
        </test-method> <!-- tearDownClass -->
      </class> <!-- com.runnerClass.TestRunner -->
    </test> <!-- API_UI_combined BDD test -->
  </suite> <!-- Suite file with Cucumber TestNG -->
</testng-results>
